Thu, 12 Dec 2024 02:31:11  INFO loadding data
Thu, 12 Dec 2024 02:31:11  INFO reading category information
Thu, 12 Dec 2024 02:31:13  INFO reading train data
Thu, 12 Dec 2024 02:31:18  INFO reading valid data
Thu, 12 Dec 2024 02:31:18  INFO reading test data
Thu, 12 Dec 2024 02:31:25  INFO get weight for each sample
Thu, 12 Dec 2024 02:31:32  INFO train loss = 1.2269340753555298
Thu, 12 Dec 2024 02:31:39  INFO loss: 1.5197389125823975, Performance is better... saving the model
Thu, 12 Dec 2024 02:31:46  INFO train loss = 1.0968756675720215
Thu, 12 Dec 2024 02:31:52  INFO loss: 1.4305509328842163, Performance is better... saving the model
Thu, 12 Dec 2024 02:31:58  INFO train loss = 0.9792335629463196
Thu, 12 Dec 2024 02:32:04  INFO loss: 1.345989465713501, Performance is better... saving the model
Thu, 12 Dec 2024 02:32:10  INFO train loss = 0.8926776647567749
Thu, 12 Dec 2024 02:32:15  INFO loss: 1.281351089477539, Performance is better... saving the model
Thu, 12 Dec 2024 02:32:21  INFO train loss = 0.8202438354492188
Thu, 12 Dec 2024 02:32:27  INFO loss: 1.2247016429901123, Performance is better... saving the model
Thu, 12 Dec 2024 02:32:34  INFO train loss = 0.7594465017318726
Thu, 12 Dec 2024 02:32:40  INFO loss: 1.167479157447815, Performance is better... saving the model
Thu, 12 Dec 2024 02:32:47  INFO train loss = 0.7099481225013733
Thu, 12 Dec 2024 02:32:54  INFO loss: 1.1163352727890015, Performance is better... saving the model
Thu, 12 Dec 2024 02:33:01  INFO train loss = 0.6669260263442993
Thu, 12 Dec 2024 02:33:06  INFO loss: 1.0659116506576538, Performance is better... saving the model
Thu, 12 Dec 2024 02:33:12  INFO train loss = 0.6293942928314209
Thu, 12 Dec 2024 02:33:17  INFO loss: 1.0277270078659058, Performance is better... saving the model
Thu, 12 Dec 2024 02:33:24  INFO train loss = 0.5991369485855103
Thu, 12 Dec 2024 02:33:29  INFO loss: 0.9882097244262695, Performance is better... saving the model
Thu, 12 Dec 2024 02:33:36  INFO train loss = 0.5734797716140747
Thu, 12 Dec 2024 02:33:41  INFO loss: 0.9520624876022339, Performance is better... saving the model
Thu, 12 Dec 2024 02:33:48  INFO train loss = 0.5507355332374573
Thu, 12 Dec 2024 02:33:54  INFO loss: 0.9167378544807434, Performance is better... saving the model
Thu, 12 Dec 2024 02:34:01  INFO train loss = 0.5321770906448364
Thu, 12 Dec 2024 02:34:07  INFO loss: 0.885887861251831, Performance is better... saving the model
Thu, 12 Dec 2024 02:34:14  INFO train loss = 0.5158929228782654
Thu, 12 Dec 2024 02:34:20  INFO loss: 0.8548867106437683, Performance is better... saving the model
Thu, 12 Dec 2024 02:34:26  INFO train loss = 0.5023989677429199
Thu, 12 Dec 2024 02:34:31  INFO loss: 0.8287081122398376, Performance is better... saving the model
Thu, 12 Dec 2024 02:34:37  INFO train loss = 0.49068117141723633
Thu, 12 Dec 2024 02:34:43  INFO loss: 0.8048628568649292, Performance is better... saving the model
Thu, 12 Dec 2024 02:34:47  INFO train loss = 0.4801729619503021
Thu, 12 Dec 2024 02:34:53  INFO loss: 0.7841953039169312, Performance is better... saving the model
Thu, 12 Dec 2024 02:34:57  INFO train loss = 0.47141897678375244
Thu, 12 Dec 2024 02:35:03  INFO loss: 0.7614027261734009, Performance is better... saving the model
Thu, 12 Dec 2024 02:35:08  INFO train loss = 0.4634198248386383
Thu, 12 Dec 2024 02:35:13  INFO loss: 0.7432728409767151, Performance is better... saving the model
Thu, 12 Dec 2024 02:35:18  INFO train loss = 0.45644837617874146
Thu, 12 Dec 2024 02:35:24  INFO loss: 0.7228880524635315, Performance is better... saving the model
Thu, 12 Dec 2024 02:35:28  INFO train loss = 0.4499177932739258
Thu, 12 Dec 2024 02:35:34  INFO loss: 0.7066552042961121, Performance is better... saving the model
Thu, 12 Dec 2024 02:35:39  INFO train loss = 0.4438225328922272
Thu, 12 Dec 2024 02:35:45  INFO loss: 0.6890291571617126, Performance is better... saving the model
Thu, 12 Dec 2024 02:35:50  INFO train loss = 0.43807804584503174
Thu, 12 Dec 2024 02:35:55  INFO loss: 0.6751324534416199, Performance is better... saving the model
Thu, 12 Dec 2024 02:36:01  INFO train loss = 0.432791531085968
Thu, 12 Dec 2024 02:36:07  INFO loss: 0.6599504351615906, Performance is better... saving the model
Thu, 12 Dec 2024 02:36:12  INFO train loss = 0.4267084002494812
Thu, 12 Dec 2024 02:36:17  INFO loss: 0.6459132432937622, Performance is better... saving the model
Thu, 12 Dec 2024 02:36:22  INFO train loss = 0.4211941659450531
Thu, 12 Dec 2024 02:36:27  INFO loss: 0.6310674548149109, Performance is better... saving the model
Thu, 12 Dec 2024 02:36:32  INFO train loss = 0.4154546856880188
Thu, 12 Dec 2024 02:36:37  INFO loss: 0.6183248162269592, Performance is better... saving the model
Thu, 12 Dec 2024 02:36:43  INFO train loss = 0.4092732071876526
Thu, 12 Dec 2024 02:36:49  INFO loss: 0.6058167219161987, Performance is better... saving the model
Thu, 12 Dec 2024 02:36:54  INFO train loss = 0.40296095609664917
Thu, 12 Dec 2024 02:36:59  INFO loss: 0.592531144618988, Performance is better... saving the model
Thu, 12 Dec 2024 02:37:04  INFO train loss = 0.3960864245891571
Thu, 12 Dec 2024 02:37:10  INFO loss: 0.5797772407531738, Performance is better... saving the model
Thu, 12 Dec 2024 02:37:15  INFO train loss = 0.3889639973640442
Thu, 12 Dec 2024 02:37:21  INFO loss: 0.5660659074783325, Performance is better... saving the model
Thu, 12 Dec 2024 02:37:26  INFO train loss = 0.3814947009086609
Thu, 12 Dec 2024 02:37:32  INFO loss: 0.5519766807556152, Performance is better... saving the model
Thu, 12 Dec 2024 02:37:36  INFO train loss = 0.37340420484542847
Thu, 12 Dec 2024 02:37:42  INFO loss: 0.5390123128890991, Performance is better... saving the model
Thu, 12 Dec 2024 02:37:47  INFO train loss = 0.36500227451324463
Thu, 12 Dec 2024 02:37:53  INFO loss: 0.5266621708869934, Performance is better... saving the model
Thu, 12 Dec 2024 02:37:58  INFO train loss = 0.3565964698791504
Thu, 12 Dec 2024 02:38:03  INFO loss: 0.5126561522483826, Performance is better... saving the model
Thu, 12 Dec 2024 02:38:08  INFO train loss = 0.3477098345756531
Thu, 12 Dec 2024 02:38:13  INFO loss: 0.4994741380214691, Performance is better... saving the model
Thu, 12 Dec 2024 02:38:18  INFO train loss = 0.33844488859176636
